# JRE version: OpenJDK Runtime Environment Temurin-21.0.9+10 (21.0.9+10) (build 21.0.9+10-LTS)
# Java VM: OpenJDK 64-Bit Server VM Temurin-21.0.9+10 (21.0.9+10-LTS, mixed mode, sharing, tiered, compressed oops, compressed class ptrs, parallel gc, windows-amd64)
GC Precious Log:
 CardTable entry size: 512
 CPUs: 12 total, 12 available
 Memory: 16022M
 Large Page Support: Disabled
 NUMA Support: Disabled
 Compressed Oops: Enabled (32-bit)
 Alignments: Space 512K, Generation 512K, Heap 2M
 Heap Min Capacity: 100M
 Heap Initial Capacity: 100M
 Heap Max Capacity: 2G
 Pre-touch: Disabled
 Parallel Workers: 10
Heap:
 PSYoungGen      total 13312K, used 12655K [0x00000000d5580000, 0x00000000d6980000, 0x0000000100000000)
  eden space 11264K, 97% used [0x00000000d5580000,0x00000000d60469f8,0x00000000d6080000)
  from space 2048K, 79% used [0x00000000d6780000,0x00000000d6915220,0x00000000d6980000)
  to   space 2048K, 0% used [0x00000000d6580000,0x00000000d6580000,0x00000000d6780000)
 ParOldGen       total 89088K, used 88896K [0x0000000080000000, 0x0000000085700000, 0x00000000d5580000)
  object space 89088K, 99% used [0x0000000080000000,0x00000000856d0008,0x0000000085700000)
 Metaspace       used 67268K, committed 68928K, reserved 1114112K
  class space    used 7059K, committed 7808K, reserved 1048576K
GC Heap History (20 events):
Event: 29.340 GC heap before
{Heap before GC invocations=74 (full 3):
 PSYoungGen      total 12288K, used 11834K [0x00000000d5580000, 0x00000000d6500000, 0x0000000100000000)
  eden space 11264K, 99% used [0x00000000d5580000,0x00000000d607fff0,0x00000000d6080000)
  from space 1024K, 55% used [0x00000000d6400000,0x00000000d648e8c8,0x00000000d6500000)
  to   space 1024K, 0% used [0x00000000d6300000,0x00000000d6300000,0x00000000d6400000)
 ParOldGen       total 73216K, used 73108K [0x0000000080000000, 0x0000000084780000, 0x00000000d5580000)
  object space 73216K, 99% used [0x0000000080000000,0x0000000084765128,0x0000000084780000)
 Metaspace       used 64309K, committed 65920K, reserved 1114112K
  class space    used 6765K, committed 7488K, reserved 1048576K
}
Event: 29.342 GC heap after
{Heap after GC invocations=74 (full 3):
 PSYoungGen      total 12288K, used 776K [0x00000000d5580000, 0x00000000d6480000, 0x0000000100000000)
  eden space 11264K, 0% used [0x00000000d5580000,0x00000000d5580000,0x00000000d6080000)
  from space 1024K, 75% used [0x00000000d6300000,0x00000000d63c20f0,0x00000000d6400000)
  to   space 512K, 0% used [0x00000000d6400000,0x00000000d6400000,0x00000000d6480000)
 ParOldGen       total 73728K, used 73568K [0x0000000080000000, 0x0000000084800000, 0x00000000d5580000)
  object space 73728K, 99% used [0x0000000080000000,0x00000000847d81d8,0x0000000084800000)
 Metaspace       used 64309K, committed 65920K, reserved 1114112K
  class space    used 6765K, committed 7488K, reserved 1048576K
}
Event: 29.649 GC heap before
{Heap before GC invocations=75 (full 3):
 PSYoungGen      total 12288K, used 12040K [0x00000000d5580000, 0x00000000d6480000, 0x0000000100000000)
  eden space 11264K, 100% used [0x00000000d5580000,0x00000000d6080000,0x00000000d6080000)
  from space 1024K, 75% used [0x00000000d6300000,0x00000000d63c20f0,0x00000000d6400000)
  to   space 512K, 0% used [0x00000000d6400000,0x00000000d6400000,0x00000000d6480000)
 ParOldGen       total 73728K, used 73571K [0x0000000080000000, 0x0000000084800000, 0x00000000d5580000)
  object space 73728K, 99% used [0x0000000080000000,0x00000000847d8e38,0x0000000084800000)
 Metaspace       used 65402K, committed 67008K, reserved 1114112K
  class space    used 6899K, committed 7616K, reserved 1048576K
}
Event: 29.651 GC heap after
{Heap after GC invocations=75 (full 3):
 PSYoungGen      total 11776K, used 508K [0x00000000d5580000, 0x00000000d6480000, 0x0000000100000000)
  eden space 11264K, 0% used [0x00000000d5580000,0x00000000d5580000,0x00000000d6080000)
  from space 512K, 99% used [0x00000000d6400000,0x00000000d647f360,0x00000000d6480000)
  to   space 1024K, 0% used [0x00000000d6280000,0x00000000d6280000,0x00000000d6380000)
 ParOldGen       total 74240K, used 73858K [0x0000000080000000, 0x0000000084880000, 0x00000000d5580000)
  object space 74240K, 99% used [0x0000000080000000,0x0000000084820a38,0x0000000084880000)
 Metaspace       used 65402K, committed 67008K, reserved 1114112K
  class space    used 6899K, committed 7616K, reserved 1048576K
}
Event: 29.722 GC heap before
{Heap before GC invocations=76 (full 3):
 PSYoungGen      total 11776K, used 11772K [0x00000000d5580000, 0x00000000d6480000, 0x0000000100000000)
  eden space 11264K, 100% used [0x00000000d5580000,0x00000000d6080000,0x00000000d6080000)
  from space 512K, 99% used [0x00000000d6400000,0x00000000d647f360,0x00000000d6480000)
  to   space 1024K, 0% used [0x00000000d6280000,0x00000000d6280000,0x00000000d6380000)
 ParOldGen       total 74240K, used 73858K [0x0000000080000000, 0x0000000084880000, 0x00000000d5580000)
  object space 74240K, 99% used [0x0000000080000000,0x0000000084820a38,0x0000000084880000)
 Metaspace       used 65791K, committed 67392K, reserved 1114112K
  class space    used 6938K, committed 7616K, reserved 1048576K
}
Event: 29.727 GC heap after
{Heap after GC invocations=76 (full 3):
 PSYoungGen      total 12288K, used 1002K [0x00000000d5580000, 0x00000000d7480000, 0x0000000100000000)
  eden space 11264K, 0% used [0x00000000d5580000,0x00000000d5580000,0x00000000d6080000)
  from space 1024K, 97% used [0x00000000d6280000,0x00000000d637abc0,0x00000000d6380000)
  to   space 10240K, 0% used [0x00000000d6a80000,0x00000000d6a80000,0x00000000d7480000)
 ParOldGen       total 81920K, used 81706K [0x0000000080000000, 0x0000000085000000, 0x00000000d5580000)
  object space 81920K, 99% used [0x0000000080000000,0x0000000084fcabf0,0x0000000085000000)
 Metaspace       used 65791K, committed 67392K, reserved 1114112K
  class space    used 6938K, committed 7616K, reserved 1048576K
}
Event: 29.812 GC heap before
{Heap before GC invocations=77 (full 3):
 PSYoungGen      total 12288K, used 12216K [0x00000000d5580000, 0x00000000d7480000, 0x0000000100000000)
  eden space 11264K, 99% used [0x00000000d5580000,0x00000000d6073670,0x00000000d6080000)
  from space 1024K, 97% used [0x00000000d6280000,0x00000000d637abc0,0x00000000d6380000)
  to   space 10240K, 0% used [0x00000000d6a80000,0x00000000d6a80000,0x00000000d7480000)
 ParOldGen       total 81920K, used 81706K [0x0000000080000000, 0x0000000085000000, 0x00000000d5580000)
  object space 81920K, 99% used [0x0000000080000000,0x0000000084fcabf0,0x0000000085000000)
 Metaspace       used 65822K, committed 67456K, reserved 1114112K
  class space    used 6941K, committed 7616K, reserved 1048576K
}
Event: 29.816 GC heap after
{Heap after GC invocations=77 (full 3):
 PSYoungGen      total 13312K, used 1632K [0x00000000d5580000, 0x00000000d6c80000, 0x0000000100000000)
  eden space 11264K, 0% used [0x00000000d5580000,0x00000000d5580000,0x00000000d6080000)
  from space 2048K, 79% used [0x00000000d6a80000,0x00000000d6c18020,0x00000000d6c80000)
  to   space 4608K, 0% used [0x00000000d6380000,0x00000000d6380000,0x00000000d6800000)
 ParOldGen       total 82944K, used 82754K [0x0000000080000000, 0x0000000085100000, 0x00000000d5580000)
  object space 82944K, 99% used [0x0000000080000000,0x00000000850d0a20,0x0000000085100000)
 Metaspace       used 65822K, committed 67456K, reserved 1114112K
  class space    used 6941K, committed 7616K, reserved 1048576K
}
Event: 30.235 GC heap before
{Heap before GC invocations=78 (full 3):
 PSYoungGen      total 13312K, used 12884K [0x00000000d5580000, 0x00000000d6c80000, 0x0000000100000000)
  eden space 11264K, 99% used [0x00000000d5580000,0x00000000d607d380,0x00000000d6080000)
  from space 2048K, 79% used [0x00000000d6a80000,0x00000000d6c18020,0x00000000d6c80000)
  to   space 4608K, 0% used [0x00000000d6380000,0x00000000d6380000,0x00000000d6800000)
 ParOldGen       total 82944K, used 82754K [0x0000000080000000, 0x0000000085100000, 0x00000000d5580000)
  object space 82944K, 99% used [0x0000000080000000,0x00000000850d0a20,0x0000000085100000)
 Metaspace       used 65933K, committed 67584K, reserved 1114112K
  class space    used 6954K, committed 7680K, reserved 1048576K
}
Event: 30.237 GC heap after
{Heap after GC invocations=78 (full 3):
 PSYoungGen      total 15872K, used 320K [0x00000000d5580000, 0x00000000d6b00000, 0x0000000100000000)
  eden space 11264K, 0% used [0x00000000d5580000,0x00000000d5580000,0x00000000d6080000)
  from space 4608K, 6% used [0x00000000d6380000,0x00000000d63d0000,0x00000000d6800000)
  to   space 1536K, 0% used [0x00000000d6980000,0x00000000d6980000,0x00000000d6b00000)
 ParOldGen       total 84480K, used 84266K [0x0000000080000000, 0x0000000085280000, 0x00000000d5580000)
  object space 84480K, 99% used [0x0000000080000000,0x000000008524aa40,0x0000000085280000)
 Metaspace       used 65933K, committed 67584K, reserved 1114112K
  class space    used 6954K, committed 7680K, reserved 1048576K
}
Event: 30.545 GC heap before
{Heap before GC invocations=79 (full 3):
 PSYoungGen      total 15872K, used 11584K [0x00000000d5580000, 0x00000000d6b00000, 0x0000000100000000)
  eden space 11264K, 100% used [0x00000000d5580000,0x00000000d6080000,0x00000000d6080000)
  from space 4608K, 6% used [0x00000000d6380000,0x00000000d63d0000,0x00000000d6800000)
  to   space 1536K, 0% used [0x00000000d6980000,0x00000000d6980000,0x00000000d6b00000)
 ParOldGen       total 84480K, used 84266K [0x0000000080000000, 0x0000000085280000, 0x00000000d5580000)
  object space 84480K, 99% used [0x0000000080000000,0x000000008524aa40,0x0000000085280000)
 Metaspace       used 66084K, committed 67712K, reserved 1114112K
  class space    used 6964K, committed 7680K, reserved 1048576K
}
Event: 30.547 GC heap after
{Heap after GC invocations=79 (full 3):
 PSYoungGen      total 11776K, used 404K [0x00000000d5580000, 0x00000000d6a00000, 0x0000000100000000)
  eden space 11264K, 0% used [0x00000000d5580000,0x00000000d5580000,0x00000000d6080000)
  from space 512K, 79% used [0x00000000d6980000,0x00000000d69e5200,0x00000000d6a00000)
  to   space 1024K, 0% used [0x00000000d6800000,0x00000000d6800000,0x00000000d6900000)
 ParOldGen       total 84480K, used 84378K [0x0000000080000000, 0x0000000085280000, 0x00000000d5580000)
  object space 84480K, 99% used [0x0000000080000000,0x0000000085266a40,0x0000000085280000)
 Metaspace       used 66084K, committed 67712K, reserved 1114112K
  class space    used 6964K, committed 7680K, reserved 1048576K
}
Event: 30.665 GC heap before
{Heap before GC invocations=80 (full 3):
 PSYoungGen      total 11776K, used 11668K [0x00000000d5580000, 0x00000000d6a00000, 0x0000000100000000)
  eden space 11264K, 100% used [0x00000000d5580000,0x00000000d6080000,0x00000000d6080000)
  from space 512K, 79% used [0x00000000d6980000,0x00000000d69e5200,0x00000000d6a00000)
  to   space 1024K, 0% used [0x00000000d6800000,0x00000000d6800000,0x00000000d6900000)
 ParOldGen       total 84480K, used 84378K [0x0000000080000000, 0x0000000085280000, 0x00000000d5580000)
  object space 84480K, 99% used [0x0000000080000000,0x0000000085266a40,0x0000000085280000)
 Metaspace       used 66406K, committed 68032K, reserved 1114112K
  class space    used 6995K, committed 7680K, reserved 1048576K
}
Event: 30.668 GC heap after
{Heap after GC invocations=80 (full 3):
 PSYoungGen      total 12288K, used 1003K [0x00000000d5580000, 0x00000000d6a00000, 0x0000000100000000)
  eden space 11264K, 0% used [0x00000000d5580000,0x00000000d5580000,0x00000000d6080000)
  from space 1024K, 97% used [0x00000000d6800000,0x00000000d68fac20,0x00000000d6900000)
  to   space 1024K, 0% used [0x00000000d6900000,0x00000000d6900000,0x00000000d6a00000)
 ParOldGen       total 84992K, used 84623K [0x0000000080000000, 0x0000000085300000, 0x00000000d5580000)
  object space 84992K, 99% used [0x0000000080000000,0x00000000852a3c40,0x0000000085300000)
 Metaspace       used 66406K, committed 68032K, reserved 1114112K
  class space    used 6995K, committed 7680K, reserved 1048576K
}
Event: 30.771 GC heap before
{Heap before GC invocations=81 (full 3):
 PSYoungGen      total 12288K, used 12267K [0x00000000d5580000, 0x00000000d6a00000, 0x0000000100000000)
  eden space 11264K, 99% used [0x00000000d5580000,0x00000000d607ffe8,0x00000000d6080000)
  from space 1024K, 97% used [0x00000000d6800000,0x00000000d68fac20,0x00000000d6900000)
  to   space 1024K, 0% used [0x00000000d6900000,0x00000000d6900000,0x00000000d6a00000)
 ParOldGen       total 84992K, used 84623K [0x0000000080000000, 0x0000000085300000, 0x00000000d5580000)
  object space 84992K, 99% used [0x0000000080000000,0x00000000852a3c40,0x0000000085300000)
 Metaspace       used 66529K, committed 68160K, reserved 1114112K
  class space    used 6999K, committed 7680K, reserved 1048576K
}
Event: 30.773 GC heap after
{Heap after GC invocations=81 (full 3):
 PSYoungGen      total 12288K, used 1023K [0x00000000d5580000, 0x00000000d6a00000, 0x0000000100000000)
  eden space 11264K, 0% used [0x00000000d5580000,0x00000000d5580000,0x00000000d6080000)
  from space 1024K, 99% used [0x00000000d6900000,0x00000000d69fff40,0x00000000d6a00000)
  to   space 2560K, 0% used [0x00000000d6500000,0x00000000d6500000,0x00000000d6780000)
 ParOldGen       total 86016K, used 85595K [0x0000000080000000, 0x0000000085400000, 0x00000000d5580000)
  object space 86016K, 99% used [0x0000000080000000,0x0000000085396cf8,0x0000000085400000)
 Metaspace       used 66529K, committed 68160K, reserved 1114112K
  class space    used 6999K, committed 7680K, reserved 1048576K
}
Event: 30.877 GC heap before
{Heap before GC invocations=82 (full 3):
 PSYoungGen      total 12288K, used 12281K [0x00000000d5580000, 0x00000000d6a00000, 0x0000000100000000)
  eden space 11264K, 99% used [0x00000000d5580000,0x00000000d607e890,0x00000000d6080000)
  from space 1024K, 99% used [0x00000000d6900000,0x00000000d69fff40,0x00000000d6a00000)
  to   space 2560K, 0% used [0x00000000d6500000,0x00000000d6500000,0x00000000d6780000)
 ParOldGen       total 86016K, used 85595K [0x0000000080000000, 0x0000000085400000, 0x00000000d5580000)
  object space 86016K, 99% used [0x0000000080000000,0x0000000085396cf8,0x0000000085400000)
 Metaspace       used 66591K, committed 68160K, reserved 1114112K
  class space    used 7002K, committed 7680K, reserved 1048576K
}
Event: 30.880 GC heap after
{Heap after GC invocations=82 (full 3):
 PSYoungGen      total 13824K, used 2459K [0x00000000d5580000, 0x00000000d6980000, 0x0000000100000000)
  eden space 11264K, 0% used [0x00000000d5580000,0x00000000d5580000,0x00000000d6080000)
  from space 2560K, 96% used [0x00000000d6500000,0x00000000d6766c38,0x00000000d6780000)
  to   space 2048K, 0% used [0x00000000d6780000,0x00000000d6780000,0x00000000d6980000)
 ParOldGen       total 87040K, used 86625K [0x0000000080000000, 0x0000000085500000, 0x00000000d5580000)
  object space 87040K, 99% used [0x0000000080000000,0x00000000854985e0,0x0000000085500000)
 Metaspace       used 66591K, committed 68160K, reserved 1114112K
  class space    used 7002K, committed 7680K, reserved 1048576K
}
Event: 30.957 GC heap before
{Heap before GC invocations=83 (full 3):
 PSYoungGen      total 13824K, used 13723K [0x00000000d5580000, 0x00000000d6980000, 0x0000000100000000)
  eden space 11264K, 100% used [0x00000000d5580000,0x00000000d6080000,0x00000000d6080000)
  from space 2560K, 96% used [0x00000000d6500000,0x00000000d6766c38,0x00000000d6780000)
  to   space 2048K, 0% used [0x00000000d6780000,0x00000000d6780000,0x00000000d6980000)
 ParOldGen       total 87040K, used 86625K [0x0000000080000000, 0x0000000085500000, 0x00000000d5580000)
  object space 87040K, 99% used [0x0000000080000000,0x00000000854985e0,0x0000000085500000)
 Metaspace       used 66676K, committed 68352K, reserved 1114112K
  class space    used 7004K, committed 7744K, reserved 1048576K
}
Event: 30.960 GC heap after
{Heap after GC invocations=83 (full 3):
 PSYoungGen      total 13312K, used 1620K [0x00000000d5580000, 0x00000000d6980000, 0x0000000100000000)
  eden space 11264K, 0% used [0x00000000d5580000,0x00000000d5580000,0x00000000d6080000)
  from space 2048K, 79% used [0x00000000d6780000,0x00000000d6915220,0x00000000d6980000)
  to   space 2048K, 0% used [0x00000000d6580000,0x00000000d6580000,0x00000000d6780000)
 ParOldGen       total 89088K, used 88896K [0x0000000080000000, 0x0000000085700000, 0x00000000d5580000)
  object space 89088K, 99% used [0x0000000080000000,0x00000000856d0008,0x0000000085700000)
 Metaspace       used 66676K, committed 68352K, reserved 1114112K
  class space    used 7004K, committed 7744K, reserved 1048576K
}

